info: Jan-24-2022 15:36:14: 	Connected to Database
info: Jan-24-2022 15:37:01: 	Validation get.records body: {"startDate":"201801-26","endDate":"2018-01-27","minCount":2700,"maxCount":3000}
error: Jan-24-2022 15:37:01: 	Error
info: Jan-24-2022 15:37:18: 	Validation get.records body: {"startDate":"2018-01-27","endDate":"2018-01-27","minCount":2700,"maxCount":3000}
info: Jan-24-2022 15:38:05: 	Validation get.records body: {"startDate":"2016-01-26","endDate":"2018-02-02","minCount":2700,"maxCount":3000}
error: Jan-24-2022 15:38:16: 	Error
error: Jan-24-2022 15:38:20: 	Error
error: Jan-24-2022 15:38:25: 	Error
error: Jan-24-2022 15:38:44: 	Error
info: Jan-24-2022 15:38:49: 	Validation get.records body: {"startDate":"2016-01-26","endDate":"2018-02-02","minCount":6000,"maxCount":3000}
error: Jan-24-2022 15:38:49: 	Error
info: Jan-24-2022 16:05:12: 	Validation get.records body: {"minCount":69,"maxCount":85,"startDate":"2017-01-28","endDate":"2018-01-28"}
info: Jan-24-2022 16:05:12: 	Validation get.records body: {"startDate":"301508-02","endDate":"2015-09-03","minCount":30,"maxCount":600}
error: Jan-24-2022 16:05:12: 	Error
error: Jan-24-2022 16:05:12: 	Error
info: Jan-24-2022 16:05:12: 	Validation get.records body: {"startDate":"2017-03-20","endDate":"2018-04-12","maxCount":50}
error: Jan-24-2022 16:05:12: 	Error
error: Jan-24-2022 16:05:12: 	Error
info: Jan-24-2022 16:05:12: 	Validation get.records body: {"startDate":"2016-10-09","endDate":"2018-02-20","minCount":80,"maxCount":20}
error: Jan-24-2022 16:05:12: 	Error
error: Jan-24-2022 16:05:12: 	Error
info: Jan-24-2022 16:05:14: 	Connected to Database
info: Jan-24-2022 16:05:14: 	Connected to Database
info: Jan-24-2022 16:05:14: 	Connected to Database
info: Jan-24-2022 16:15:18: 	Connected to Database
info: Jan-24-2022 16:15:43: 	Validation get.records body: {"startDate":"2016-01-26","endDate":"2018-02-02","minCount":2700,"maxCount":3000}
info: Jan-24-2022 16:20:53: 	Connected to Database
info: Jan-24-2022 16:21:04: 	Validation get.records body: {"startDate":"2016-01-26","endDate":"2018-02-02","minCount":2700,"maxCount":3000}
info: Jan-24-2022 16:38:53: 	Connected to Database
info: Jan-24-2022 17:05:26: 	Connected to Database
info: Jan-24-2022 17:11:08: 	Connected to Database
info: Jan-24-2022 17:12:39: 	Validation get.records body: {"startDate":"2016-01-26","endDate":"2018-02-02","minCount":2700,"maxCount":3000}
info: Jan-25-2022 11:38:48: 	Validation get.records body: {"startDate":"2016-01-26","endDate":"2018-02-02","minCount":2700,"maxCount":3000}
info: Jan-25-2022 11:48:06: 	Validation get.records body: {"startDate":"2016-01-26","endDate":"2018-02-02","minCount":2700,"maxCount":3000}
error: Jan-25-2022 11:48:17: 	Database connection error:  querySrv ETIMEOUT _mongodb._tcp.challenge-xzwqd.mongodb.net
info: Jan-25-2022 11:49:21: 	Validation get.records body: {"startDate":"2016-01-26","endDate":"2018-02-02","minCount":2700,"maxCount":3000}
info: Jan-25-2022 11:51:08: 	Validation get.records body: {"startDate":"2016-01-26","endDate":"2018-02-02","minCount":2700,"maxCount":3000}
info: Jan-25-2022 11:55:49: 	Connected to Database
info: Jan-25-2022 11:56:19: 	Connected to Database
